<?xml version="1.0" encoding="UTF-8"?>
<!-- Generated by org.testng.reporters.JUnitReportReporter -->
<testsuite hostname="DESKTOP-VAUPC5M" failures="0" tests="1" name="automatskoTestiranje.RegisterandLogIn" time="7.492" errors="0" timestamp="2021-10-02T18:05:03 CEST" skipped="0">
  <testcase classname="automatskoTestiranje.RegisterandLogIn" name="signIn3" time="7.492"/>
  <system-out/>
</testsuite> <!-- automatskoTestiranje.RegisterandLogIn -->
