<?xml version="1.0" encoding="UTF-8"?>
<!-- Generated by org.testng.reporters.JUnitReportReporter -->
<testsuite hostname="DESKTOP-VAUPC5M" failures="0" tests="1" name="automatskoTestiranje.SignIn" time="8.404" errors="0" timestamp="2021-10-03T12:08:19 CEST" skipped="0">
  <testcase classname="automatskoTestiranje.SignIn" name="TC_SignIn_004" time="8.404"/>
  <system-out/>
</testsuite> <!-- automatskoTestiranje.SignIn -->
