<?xml version="1.0" encoding="UTF-8"?>
<!-- Generated by org.testng.reporters.JUnitReportReporter -->
<testsuite hostname="DESKTOP-VAUPC5M" failures="0" tests="1" name="automatskoTestiranje.RegisterIn" time="11.359" errors="0" timestamp="2021-10-02T11:06:05 CEST" skipped="0">
  <testcase classname="automatskoTestiranje.RegisterIn" name="signIN" time="11.359"/>
  <system-out/>
</testsuite> <!-- automatskoTestiranje.RegisterIn -->
