<?xml version="1.0" encoding="UTF-8"?>
<!-- Generated by org.testng.reporters.JUnitReportReporter -->
<testsuite hostname="DESKTOP-VAUPC5M" failures="0" tests="7" name="estyWebSiteTesting.SignIn" time="64.558" errors="0" timestamp="2021-11-13T11:12:53 CET" skipped="0">
  <testcase classname="estyWebSiteTesting.SignIn" name="TC_SignIn_001" time="13.420"/>
  <system-out/>
  <testcase classname="estyWebSiteTesting.SignIn" name="TC_SignIn_002" time="9.221"/>
  <system-out/>
  <testcase classname="estyWebSiteTesting.SignIn" name="TC_SignIn_003" time="9.028"/>
  <system-out/>
  <testcase classname="estyWebSiteTesting.SignIn" name="TC_SignIn_004" time="7.831"/>
  <system-out/>
  <testcase classname="estyWebSiteTesting.SignIn" name="TC_SignIn_007" time="8.359"/>
  <system-out/>
  <testcase classname="estyWebSiteTesting.SignIn" name="TC_SignIn_005" time="8.332"/>
  <system-out/>
  <testcase classname="estyWebSiteTesting.SignIn" name="TC_SignIn_006" time="8.367"/>
  <system-out/>
</testsuite> <!-- estyWebSiteTesting.SignIn -->
